android/app/build/intermediates/manifest_merge_blame_file/debug/processDebugMainManifest/manifest-merger-blame-debug-report.txt
1<?xml version="1.0" encoding="utf-8"?>
2<manifest xmlns:android="http://schemas.android.com/apk/res/android"
3    package="com.carboncredit.app"
4    android:versionCode="1"
5    android:versionName="1.0.0" >
6
7    <uses-sdk
8        android:minSdkVersion="26"
9        android:targetSdkVersion="34" />
10
11    <uses-permission android:name="android.permission.INTERNET" />
11-->src/main/AndroidManifest.xml:5:5-67
11-->src/main/AndroidManifest.xml:5:22-64
12    <uses-permission android:name="android.permission.ACCESS_NETWORK_STATE" />
12-->src/main/AndroidManifest.xml:6:5-79
12-->src/main/AndroidManifest.xml:6:22-76
13    <uses-permission android:name="android.permission.POST_NOTIFICATIONS" />
13-->src/main/AndroidManifest.xml:7:5-77
13-->src/main/AndroidManifest.xml:7:22-74
14    <uses-permission android:name="android.permission.VIBRATE" />
14-->src/main/AndroidManifest.xml:8:5-66
14-->src/main/AndroidManifest.xml:8:22-63
15    <uses-permission
15-->src/main/AndroidManifest.xml:9:5-11:40
16        android:name="android.permission.WRITE_EXTERNAL_STORAGE"
16-->src/main/AndroidManifest.xml:9:22-78
17        android:maxSdkVersion="28" />
17-->src/main/AndroidManifest.xml:10:9-35
18    <uses-permission android:name="android.permission.WAKE_LOCK" /> <!-- Required by older versions of Google Play services to create IID tokens -->
18-->[com.google.firebase:firebase-messaging:24.0.0] AndroidManifest.xml:24:5-68
18-->[com.google.firebase:firebase-messaging:24.0.0] AndroidManifest.xml:24:22-65
19    <uses-permission android:name="com.google.android.c2dm.permission.RECEIVE" />
19-->[com.google.firebase:firebase-messaging:24.0.0] AndroidManifest.xml:26:5-82
19-->[com.google.firebase:firebase-messaging:24.0.0] AndroidManifest.xml:26:22-79
20    <uses-permission android:name="com.google.android.gms.permission.AD_ID" />
20-->[com.google.android.gms:play-services-measurement-api:22.0.1] AndroidManifest.xml:25:5-79
20-->[com.google.android.gms:play-services-measurement-api:22.0.1] AndroidManifest.xml:25:22-76
21    <uses-permission android:name="android.permission.ACCESS_ADSERVICES_ATTRIBUTION" />
21-->[com.google.android.gms:play-services-measurement-api:22.0.1] AndroidManifest.xml:26:5-88
21-->[com.google.android.gms:play-services-measurement-api:22.0.1] AndroidManifest.xml:26:22-85
22    <uses-permission android:name="android.permission.ACCESS_ADSERVICES_AD_ID" />
22-->[com.google.android.gms:play-services-measurement-api:22.0.1] AndroidManifest.xml:27:5-82
22-->[com.google.android.gms:play-services-measurement-api:22.0.1] AndroidManifest.xml:27:22-79
23    <uses-permission android:name="com.google.android.finsky.permission.BIND_GET_INSTALL_REFERRER_SERVICE" />
23-->[com.google.android.gms:play-services-measurement:22.0.1] AndroidManifest.xml:26:5-110
23-->[com.google.android.gms:play-services-measurement:22.0.1] AndroidManifest.xml:26:22-107
24    <uses-permission android:name="android.permission.RECEIVE_BOOT_COMPLETED" />
24-->[androidx.work:work-runtime:2.9.0] AndroidManifest.xml:25:5-81
24-->[androidx.work:work-runtime:2.9.0] AndroidManifest.xml:25:22-78
25    <uses-permission android:name="android.permission.FOREGROUND_SERVICE" />
25-->[androidx.work:work-runtime:2.9.0] AndroidManifest.xml:26:5-77
25-->[androidx.work:work-runtime:2.9.0] AndroidManifest.xml:26:22-74
26
27    <permission
27-->[androidx.core:core:1.13.1] AndroidManifest.xml:22:5-24:47
28        android:name="com.carboncredit.app.DYNAMIC_RECEIVER_NOT_EXPORTED_PERMISSION"
28-->[androidx.core:core:1.13.1] AndroidManifest.xml:23:9-81
29        android:protectionLevel="signature" />
29-->[androidx.core:core:1.13.1] AndroidManifest.xml:24:9-44
30
31    <uses-permission android:name="com.carboncredit.app.DYNAMIC_RECEIVER_NOT_EXPORTED_PERMISSION" />
31-->[androidx.core:core:1.13.1] AndroidManifest.xml:26:5-97
31-->[androidx.core:core:1.13.1] AndroidManifest.xml:26:22-94
32    <uses-permission android:name="android.permission.CAMERA" /> <!-- Don't require camera, as this requires a rear camera. This allows it to work on the Nexus 7 -->
32-->[com.journeyapps:zxing-android-embedded:4.3.0] AndroidManifest.xml:22:5-65
32-->[com.journeyapps:zxing-android-embedded:4.3.0] AndroidManifest.xml:22:22-62
33    <uses-feature
33-->[com.journeyapps:zxing-android-embedded:4.3.0] AndroidManifest.xml:25:5-27:36
34        android:name="android.hardware.camera"
34-->[com.journeyapps:zxing-android-embedded:4.3.0] AndroidManifest.xml:26:9-47
35        android:required="false" />
35-->[com.journeyapps:zxing-android-embedded:4.3.0] AndroidManifest.xml:27:9-33
36    <uses-feature
36-->[com.journeyapps:zxing-android-embedded:4.3.0] AndroidManifest.xml:28:5-30:36
37        android:name="android.hardware.camera.front"
37-->[com.journeyapps:zxing-android-embedded:4.3.0] AndroidManifest.xml:29:9-53
38        android:required="false" /> <!-- TODO replace above two with next line after Android 4.2 -->
38-->[com.journeyapps:zxing-android-embedded:4.3.0] AndroidManifest.xml:30:9-33
39    <!-- <uses-feature android:name="android.hardware.camera.any"/> -->
40    <uses-feature
40-->[com.journeyapps:zxing-android-embedded:4.3.0] AndroidManifest.xml:33:5-35:36
41        android:name="android.hardware.camera.autofocus"
41-->[com.journeyapps:zxing-android-embedded:4.3.0] AndroidManifest.xml:34:9-57
42        android:required="false" />
42-->[com.journeyapps:zxing-android-embedded:4.3.0] AndroidManifest.xml:35:9-33
43    <uses-feature
43-->[com.journeyapps:zxing-android-embedded:4.3.0] AndroidManifest.xml:36:5-38:36
44        android:name="android.hardware.camera.flash"
44-->[com.journeyapps:zxing-android-embedded:4.3.0] AndroidManifest.xml:37:9-53
45        android:required="false" />
45-->[com.journeyapps:zxing-android-embedded:4.3.0] AndroidManifest.xml:38:9-33
46    <uses-feature
46-->[com.journeyapps:zxing-android-embedded:4.3.0] AndroidManifest.xml:39:5-41:36
47        android:name="android.hardware.screen.landscape"
47-->[com.journeyapps:zxing-android-embedded:4.3.0] AndroidManifest.xml:40:9-57
48        android:required="false" />
48-->[com.journeyapps:zxing-android-embedded:4.3.0] AndroidManifest.xml:41:9-33
49    <uses-feature
49-->[com.journeyapps:zxing-android-embedded:4.3.0] AndroidManifest.xml:42:5-44:36
50        android:name="android.hardware.wifi"
50-->[com.journeyapps:zxing-android-embedded:4.3.0] AndroidManifest.xml:43:9-45
51        android:required="false" />
51-->[com.journeyapps:zxing-android-embedded:4.3.0] AndroidManifest.xml:44:9-33
52
53    <application
53-->src/main/AndroidManifest.xml:13:5-67:19
54        android:name="com.carboncredit.app.CarbonCreditApp"
54-->src/main/AndroidManifest.xml:14:9-40
55        android:allowBackup="false"
55-->src/main/AndroidManifest.xml:15:9-36
56        android:appComponentFactory="androidx.core.app.CoreComponentFactory"
56-->[androidx.core:core:1.13.1] AndroidManifest.xml:28:18-86
57        android:debuggable="true"
58        android:extractNativeLibs="false"
59        android:icon="@mipmap/ic_launcher"
59-->src/main/AndroidManifest.xml:16:9-43
60        android:label="@string/app_name"
60-->src/main/AndroidManifest.xml:17:9-41
61        android:roundIcon="@mipmap/ic_launcher_round"
61-->src/main/AndroidManifest.xml:18:9-54
62        android:supportsRtl="true"
62-->src/main/AndroidManifest.xml:19:9-35
63        android:testOnly="true"
64        android:theme="@style/Theme.CarbonCredit"
64-->src/main/AndroidManifest.xml:20:9-50
65        android:usesCleartextTraffic="false" >
65-->src/main/AndroidManifest.xml:21:9-45
66
67        <!-- Splash / Entry -->
68        <activity
68-->src/main/AndroidManifest.xml:25:9-33:20
69            android:name="com.carboncredit.app.ui.splash.SplashActivity"
69-->src/main/AndroidManifest.xml:26:13-53
70            android:exported="true"
70-->src/main/AndroidManifest.xml:27:13-36
71            android:theme="@style/Theme.CarbonCredit.Splash" >
71-->src/main/AndroidManifest.xml:28:13-61
72            <intent-filter>
72-->src/main/AndroidManifest.xml:29:13-32:29
73                <action android:name="android.intent.action.MAIN" />
73-->src/main/AndroidManifest.xml:30:17-69
73-->src/main/AndroidManifest.xml:30:25-66
74
75                <category android:name="android.intent.category.LAUNCHER" />
75-->src/main/AndroidManifest.xml:31:17-77
75-->src/main/AndroidManifest.xml:31:27-74
76            </intent-filter>
77        </activity>
78
79        <!-- Login -->
80        <activity
80-->src/main/AndroidManifest.xml:36:9-39:58
81            android:name="com.carboncredit.app.ui.auth.LoginActivity"
81-->src/main/AndroidManifest.xml:37:13-50
82            android:exported="false"
82-->src/main/AndroidManifest.xml:38:13-37
83            android:windowSoftInputMode="adjustResize" />
83-->src/main/AndroidManifest.xml:39:13-55
84
85        <!-- Manager Host -->
86        <activity
86-->src/main/AndroidManifest.xml:42:9-45:46
87            android:name="com.carboncredit.app.ui.manager.ManagerActivity"
87-->src/main/AndroidManifest.xml:43:13-55
88            android:exported="false"
88-->src/main/AndroidManifest.xml:44:13-37
89            android:launchMode="singleTop" />
89-->src/main/AndroidManifest.xml:45:13-43
90
91        <!-- Auditor Host -->
92        <activity
92-->src/main/AndroidManifest.xml:48:9-51:46
93            android:name="com.carboncredit.app.ui.auditor.AuditorActivity"
93-->src/main/AndroidManifest.xml:49:13-55
94            android:exported="false"
94-->src/main/AndroidManifest.xml:50:13-37
95            android:launchMode="singleTop" />
95-->src/main/AndroidManifest.xml:51:13-43
96
97        <!-- Firebase Cloud Messaging Service -->
98        <service
98-->src/main/AndroidManifest.xml:54:9-60:19
99            android:name="com.carboncredit.app.services.FCMService"
99-->src/main/AndroidManifest.xml:55:13-48
100            android:exported="false" >
100-->src/main/AndroidManifest.xml:56:13-37
101            <intent-filter>
101-->src/main/AndroidManifest.xml:57:13-59:29
102                <action android:name="com.google.firebase.MESSAGING_EVENT" />
102-->src/main/AndroidManifest.xml:58:17-78
102-->src/main/AndroidManifest.xml:58:25-75
103            </intent-filter>
104        </service>
105
106        <!-- FCM default notification channel -->
107        <meta-data
107-->src/main/AndroidManifest.xml:63:9-65:52
108            android:name="com.google.firebase.messaging.default_notification_channel_id"
108-->src/main/AndroidManifest.xml:64:13-89
109            android:value="carbon_credit_alerts" />
109-->src/main/AndroidManifest.xml:65:13-49
110
111        <service
111-->[com.google.firebase:firebase-analytics-ktx:22.0.1] AndroidManifest.xml:8:9-14:19
112            android:name="com.google.firebase.components.ComponentDiscoveryService"
112-->[com.google.firebase:firebase-analytics-ktx:22.0.1] AndroidManifest.xml:9:13-84
113            android:directBootAware="true"
113-->[com.google.firebase:firebase-common:21.0.0] AndroidManifest.xml:32:13-43
114            android:exported="false" >
114-->[com.google.firebase:firebase-analytics-ktx:22.0.1] AndroidManifest.xml:10:13-37
115            <meta-data
115-->[com.google.firebase:firebase-analytics-ktx:22.0.1] AndroidManifest.xml:11:13-13:85
116                android:name="com.google.firebase.components:com.google.firebase.analytics.ktx.FirebaseAnalyticsLegacyRegistrar"
116-->[com.google.firebase:firebase-analytics-ktx:22.0.1] AndroidManifest.xml:12:17-129
117                android:value="com.google.firebase.components.ComponentRegistrar" />
117-->[com.google.firebase:firebase-analytics-ktx:22.0.1] AndroidManifest.xml:13:17-82
118            <meta-data
118-->[com.google.firebase:firebase-messaging-ktx:24.0.0] AndroidManifest.xml:26:13-28:85
119                android:name="com.google.firebase.components:com.google.firebase.messaging.ktx.FirebaseMessagingLegacyRegistrar"
119-->[com.google.firebase:firebase-messaging-ktx:24.0.0] AndroidManifest.xml:27:17-129
120                android:value="com.google.firebase.components.ComponentRegistrar" />
120-->[com.google.firebase:firebase-messaging-ktx:24.0.0] AndroidManifest.xml:28:17-82
121            <meta-data
121-->[com.google.firebase:firebase-messaging:24.0.0] AndroidManifest.xml:57:13-59:85
122                android:name="com.google.firebase.components:com.google.firebase.messaging.FirebaseMessagingKtxRegistrar"
122-->[com.google.firebase:firebase-messaging:24.0.0] AndroidManifest.xml:58:17-122
123                android:value="com.google.firebase.components.ComponentRegistrar" />
123-->[com.google.firebase:firebase-messaging:24.0.0] AndroidManifest.xml:59:17-82
124            <meta-data
124-->[com.google.firebase:firebase-messaging:24.0.0] AndroidManifest.xml:60:13-62:85
125                android:name="com.google.firebase.components:com.google.firebase.messaging.FirebaseMessagingRegistrar"
125-->[com.google.firebase:firebase-messaging:24.0.0] AndroidManifest.xml:61:17-119
126                android:value="com.google.firebase.components.ComponentRegistrar" />
126-->[com.google.firebase:firebase-messaging:24.0.0] AndroidManifest.xml:62:17-82
127            <meta-data
127-->[com.google.android.gms:play-services-measurement-api:22.0.1] AndroidManifest.xml:37:13-39:85
128                android:name="com.google.firebase.components:com.google.firebase.analytics.connector.internal.AnalyticsConnectorRegistrar"
128-->[com.google.android.gms:play-services-measurement-api:22.0.1] AndroidManifest.xml:38:17-139
129                android:value="com.google.firebase.components.ComponentRegistrar" />
129-->[com.google.android.gms:play-services-measurement-api:22.0.1] AndroidManifest.xml:39:17-82
130            <meta-data
130-->[com.google.firebase:firebase-installations:18.0.0] AndroidManifest.xml:15:13-17:85
131                android:name="com.google.firebase.components:com.google.firebase.installations.FirebaseInstallationsKtxRegistrar"
131-->[com.google.firebase:firebase-installations:18.0.0] AndroidManifest.xml:16:17-130
132                android:value="com.google.firebase.components.ComponentRegistrar" />
132-->[com.google.firebase:firebase-installations:18.0.0] AndroidManifest.xml:17:17-82
133            <meta-data
133-->[com.google.firebase:firebase-installations:18.0.0] AndroidManifest.xml:18:13-20:85
134                android:name="com.google.firebase.components:com.google.firebase.installations.FirebaseInstallationsRegistrar"
134-->[com.google.firebase:firebase-installations:18.0.0] AndroidManifest.xml:19:17-127
135                android:value="com.google.firebase.components.ComponentRegistrar" />
135-->[com.google.firebase:firebase-installations:18.0.0] AndroidManifest.xml:20:17-82
136            <meta-data
136-->[com.google.firebase:firebase-common-ktx:21.0.0] AndroidManifest.xml:12:13-14:85
137                android:name="com.google.firebase.components:com.google.firebase.ktx.FirebaseCommonLegacyRegistrar"
137-->[com.google.firebase:firebase-common-ktx:21.0.0] AndroidManifest.xml:13:17-116
138                android:value="com.google.firebase.components.ComponentRegistrar" />
138-->[com.google.firebase:firebase-common-ktx:21.0.0] AndroidManifest.xml:14:17-82
139            <meta-data
139-->[com.google.firebase:firebase-common:21.0.0] AndroidManifest.xml:35:13-37:85
140                android:name="com.google.firebase.components:com.google.firebase.FirebaseCommonKtxRegistrar"
140-->[com.google.firebase:firebase-common:21.0.0] AndroidManifest.xml:36:17-109
141                android:value="com.google.firebase.components.ComponentRegistrar" />
141-->[com.google.firebase:firebase-common:21.0.0] AndroidManifest.xml:37:17-82
142            <meta-data
142-->[com.google.firebase:firebase-datatransport:18.2.0] AndroidManifest.xml:25:13-27:85
143                android:name="com.google.firebase.components:com.google.firebase.datatransport.TransportRegistrar"
143-->[com.google.firebase:firebase-datatransport:18.2.0] AndroidManifest.xml:26:17-115
144                android:value="com.google.firebase.components.ComponentRegistrar" />
144-->[com.google.firebase:firebase-datatransport:18.2.0] AndroidManifest.xml:27:17-82
145        </service>
146
147        <receiver
147-->[com.google.firebase:firebase-messaging:24.0.0] AndroidManifest.xml:29:9-40:20
148            android:name="com.google.firebase.iid.FirebaseInstanceIdReceiver"
148-->[com.google.firebase:firebase-messaging:24.0.0] AndroidManifest.xml:30:13-78
149            android:exported="true"
149-->[com.google.firebase:firebase-messaging:24.0.0] AndroidManifest.xml:31:13-36
150            android:permission="com.google.android.c2dm.permission.SEND" >
150-->[com.google.firebase:firebase-messaging:24.0.0] AndroidManifest.xml:32:13-73
151            <intent-filter>
151-->[com.google.firebase:firebase-messaging:24.0.0] AndroidManifest.xml:33:13-35:29
152                <action android:name="com.google.android.c2dm.intent.RECEIVE" />
152-->[com.google.firebase:firebase-messaging:24.0.0] AndroidManifest.xml:34:17-81
152-->[com.google.firebase:firebase-messaging:24.0.0] AndroidManifest.xml:34:25-78
153            </intent-filter>
154
155            <meta-data
155-->[com.google.firebase:firebase-messaging:24.0.0] AndroidManifest.xml:37:13-39:40
156                android:name="com.google.android.gms.cloudmessaging.FINISHED_AFTER_HANDLED"
156-->[com.google.firebase:firebase-messaging:24.0.0] AndroidManifest.xml:38:17-92
157                android:value="true" />
157-->[com.google.firebase:firebase-messaging:24.0.0] AndroidManifest.xml:39:17-37
158        </receiver>
159        <!--
160             FirebaseMessagingService performs security checks at runtime,
161             but set to not exported to explicitly avoid allowing another app to call it.
162        -->
163        <service
163-->[com.google.firebase:firebase-messaging:24.0.0] AndroidManifest.xml:46:9-53:19
164            android:name="com.google.firebase.messaging.FirebaseMessagingService"
164-->[com.google.firebase:firebase-messaging:24.0.0] AndroidManifest.xml:47:13-82
165            android:directBootAware="true"
165-->[com.google.firebase:firebase-messaging:24.0.0] AndroidManifest.xml:48:13-43
166            android:exported="false" >
166-->[com.google.firebase:firebase-messaging:24.0.0] AndroidManifest.xml:49:13-37
167            <intent-filter android:priority="-500" >
167-->src/main/AndroidManifest.xml:57:13-59:29
168                <action android:name="com.google.firebase.MESSAGING_EVENT" />
168-->src/main/AndroidManifest.xml:58:17-78
168-->src/main/AndroidManifest.xml:58:25-75
169            </intent-filter>
170        </service>
171
172        <property
172-->[com.google.android.gms:play-services-measurement-api:22.0.1] AndroidManifest.xml:30:9-32:61
173            android:name="android.adservices.AD_SERVICES_CONFIG"
173-->[com.google.android.gms:play-services-measurement-api:22.0.1] AndroidManifest.xml:31:13-65
174            android:resource="@xml/ga_ad_services_config" />
174-->[com.google.android.gms:play-services-measurement-api:22.0.1] AndroidManifest.xml:32:13-58
175
176        <provider
176-->[com.google.firebase:firebase-common:21.0.0] AndroidManifest.xml:23:9-28:39
177            android:name="com.google.firebase.provider.FirebaseInitProvider"
177-->[com.google.firebase:firebase-common:21.0.0] AndroidManifest.xml:24:13-77
178            android:authorities="com.carboncredit.app.firebaseinitprovider"
178-->[com.google.firebase:firebase-common:21.0.0] AndroidManifest.xml:25:13-72
179            android:directBootAware="true"
179-->[com.google.firebase:firebase-common:21.0.0] AndroidManifest.xml:26:13-43
180            android:exported="false"
180-->[com.google.firebase:firebase-common:21.0.0] AndroidManifest.xml:27:13-37
181            android:initOrder="100" />
181-->[com.google.firebase:firebase-common:21.0.0] AndroidManifest.xml:28:13-36
182
183        <receiver
183-->[com.google.android.gms:play-services-measurement:22.0.1] AndroidManifest.xml:29:9-33:20
184            android:name="com.google.android.gms.measurement.AppMeasurementReceiver"
184-->[com.google.android.gms:play-services-measurement:22.0.1] AndroidManifest.xml:30:13-85
185            android:enabled="true"
185-->[com.google.android.gms:play-services-measurement:22.0.1] AndroidManifest.xml:31:13-35
186            android:exported="false" >
186-->[com.google.android.gms:play-services-measurement:22.0.1] AndroidManifest.xml:32:13-37
187        </receiver>
188
189        <service
189-->[com.google.android.gms:play-services-measurement:22.0.1] AndroidManifest.xml:35:9-38:40
190            android:name="com.google.android.gms.measurement.AppMeasurementService"
190-->[com.google.android.gms:play-services-measurement:22.0.1] AndroidManifest.xml:36:13-84
191            android:enabled="true"
191-->[com.google.android.gms:play-services-measurement:22.0.1] AndroidManifest.xml:37:13-35
192            android:exported="false" />
192-->[com.google.android.gms:play-services-measurement:22.0.1] AndroidManifest.xml:38:13-37
193        <service
193-->[com.google.android.gms:play-services-measurement:22.0.1] AndroidManifest.xml:39:9-43:72
194            android:name="com.google.android.gms.measurement.AppMeasurementJobService"
194-->[com.google.android.gms:play-services-measurement:22.0.1] AndroidManifest.xml:40:13-87
195            android:enabled="true"
195-->[com.google.android.gms:play-services-measurement:22.0.1] AndroidManifest.xml:41:13-35
196            android:exported="false"
196-->[com.google.android.gms:play-services-measurement:22.0.1] AndroidManifest.xml:42:13-37
197            android:permission="android.permission.BIND_JOB_SERVICE" />
197-->[com.google.android.gms:play-services-measurement:22.0.1] AndroidManifest.xml:43:13-69
198
199        <activity
199-->[com.google.android.gms:play-services-base:18.0.1] AndroidManifest.xml:20:9-22:45
200            android:name="com.google.android.gms.common.api.GoogleApiActivity"
200-->[com.google.android.gms:play-services-base:18.0.1] AndroidManifest.xml:20:19-85
201            android:exported="false"
201-->[com.google.android.gms:play-services-base:18.0.1] AndroidManifest.xml:22:19-43
202            android:theme="@android:style/Theme.Translucent.NoTitleBar" />
202-->[com.google.android.gms:play-services-base:18.0.1] AndroidManifest.xml:21:19-78
203
204        <provider
204-->[androidx.work:work-runtime:2.9.0] AndroidManifest.xml:29:9-37:20
205            android:name="androidx.startup.InitializationProvider"
205-->[androidx.work:work-runtime:2.9.0] AndroidManifest.xml:30:13-67
206            android:authorities="com.carboncredit.app.androidx-startup"
206-->[androidx.work:work-runtime:2.9.0] AndroidManifest.xml:31:13-68
207            android:exported="false" >
207-->[androidx.work:work-runtime:2.9.0] AndroidManifest.xml:32:13-37
208            <meta-data
208-->[androidx.work:work-runtime:2.9.0] AndroidManifest.xml:34:13-36:52
209                android:name="androidx.work.WorkManagerInitializer"
209-->[androidx.work:work-runtime:2.9.0] AndroidManifest.xml:35:17-68
210                android:value="androidx.startup" />
210-->[androidx.work:work-runtime:2.9.0] AndroidManifest.xml:36:17-49
211            <meta-data
211-->[androidx.emoji2:emoji2:1.3.0] AndroidManifest.xml:29:13-31:52
212                android:name="androidx.emoji2.text.EmojiCompatInitializer"
212-->[androidx.emoji2:emoji2:1.3.0] AndroidManifest.xml:30:17-75
213                android:value="androidx.startup" />
213-->[androidx.emoji2:emoji2:1.3.0] AndroidManifest.xml:31:17-49
214            <meta-data
214-->[io.github.jan-tennert.supabase:storage-kt-android-debug:2.6.1] AndroidManifest.xml:14:13-16:52
215                android:name="io.github.jan.supabase.storage.SupabaseInitializer"
215-->[io.github.jan-tennert.supabase:storage-kt-android-debug:2.6.1] AndroidManifest.xml:15:17-82
216                android:value="androidx.startup" />
216-->[io.github.jan-tennert.supabase:storage-kt-android-debug:2.6.1] AndroidManifest.xml:16:17-49
217            <meta-data
217-->[io.github.jan-tennert.supabase:gotrue-kt-android-debug:2.6.1] AndroidManifest.xml:14:13-16:52
218                android:name="io.github.jan.supabase.gotrue.SupabaseInitializer"
218-->[io.github.jan-tennert.supabase:gotrue-kt-android-debug:2.6.1] AndroidManifest.xml:15:17-81
219                android:value="androidx.startup" />
219-->[io.github.jan-tennert.supabase:gotrue-kt-android-debug:2.6.1] AndroidManifest.xml:16:17-49
220            <meta-data
220-->[androidx.lifecycle:lifecycle-process:2.8.4] AndroidManifest.xml:29:13-31:52
221                android:name="androidx.lifecycle.ProcessLifecycleInitializer"
221-->[androidx.lifecycle:lifecycle-process:2.8.4] AndroidManifest.xml:30:17-78
222                android:value="androidx.startup" />
222-->[androidx.lifecycle:lifecycle-process:2.8.4] AndroidManifest.xml:31:17-49
223            <meta-data
223-->[com.russhwolf:multiplatform-settings-no-arg-android-debug:1.1.1] AndroidManifest.xml:29:13-31:52
224                android:name="com.russhwolf.settings.SettingsInitializer"
224-->[com.russhwolf:multiplatform-settings-no-arg-android-debug:1.1.1] AndroidManifest.xml:30:17-74
225                android:value="androidx.startup" />
225-->[com.russhwolf:multiplatform-settings-no-arg-android-debug:1.1.1] AndroidManifest.xml:31:17-49
226            <meta-data
226-->[androidx.profileinstaller:profileinstaller:1.3.1] AndroidManifest.xml:29:13-31:52
227                android:name="androidx.profileinstaller.ProfileInstallerInitializer"
227-->[androidx.profileinstaller:profileinstaller:1.3.1] AndroidManifest.xml:30:17-85
228                android:value="androidx.startup" />
228-->[androidx.profileinstaller:profileinstaller:1.3.1] AndroidManifest.xml:31:17-49
229        </provider>
230
231        <service
231-->[androidx.work:work-runtime:2.9.0] AndroidManifest.xml:39:9-45:35
232            android:name="androidx.work.impl.background.systemalarm.SystemAlarmService"
232-->[androidx.work:work-runtime:2.9.0] AndroidManifest.xml:40:13-88
233            android:directBootAware="false"
233-->[androidx.work:work-runtime:2.9.0] AndroidManifest.xml:41:13-44
234            android:enabled="@bool/enable_system_alarm_service_default"
234-->[androidx.work:work-runtime:2.9.0] AndroidManifest.xml:42:13-72
235            android:exported="false" />
235-->[androidx.work:work-runtime:2.9.0] AndroidManifest.xml:43:13-37
236        <service
236-->[androidx.work:work-runtime:2.9.0] AndroidManifest.xml:46:9-52:35
237            android:name="androidx.work.impl.background.systemjob.SystemJobService"
237-->[androidx.work:work-runtime:2.9.0] AndroidManifest.xml:47:13-84
238            android:directBootAware="false"
238-->[androidx.work:work-runtime:2.9.0] AndroidManifest.xml:48:13-44
239            android:enabled="@bool/enable_system_job_service_default"
239-->[androidx.work:work-runtime:2.9.0] AndroidManifest.xml:49:13-70
240            android:exported="true"
240-->[androidx.work:work-runtime:2.9.0] AndroidManifest.xml:50:13-36
241            android:permission="android.permission.BIND_JOB_SERVICE" />
241-->[androidx.work:work-runtime:2.9.0] AndroidManifest.xml:51:13-69
242        <service
242-->[androidx.work:work-runtime:2.9.0] AndroidManifest.xml:53:9-59:35
243            android:name="androidx.work.impl.foreground.SystemForegroundService"
243-->[androidx.work:work-runtime:2.9.0] AndroidManifest.xml:54:13-81
244            android:directBootAware="false"
244-->[androidx.work:work-runtime:2.9.0] AndroidManifest.xml:55:13-44
245            android:enabled="@bool/enable_system_foreground_service_default"
245-->[androidx.work:work-runtime:2.9.0] AndroidManifest.xml:56:13-77
246            android:exported="false" />
246-->[androidx.work:work-runtime:2.9.0] AndroidManifest.xml:57:13-37
247
248        <receiver
248-->[androidx.work:work-runtime:2.9.0] AndroidManifest.xml:61:9-66:35
249            android:name="androidx.work.impl.utils.ForceStopRunnable$BroadcastReceiver"
249-->[androidx.work:work-runtime:2.9.0] AndroidManifest.xml:62:13-88
250            android:directBootAware="false"
250-->[androidx.work:work-runtime:2.9.0] AndroidManifest.xml:63:13-44
251            android:enabled="true"
251-->[androidx.work:work-runtime:2.9.0] AndroidManifest.xml:64:13-35
252            android:exported="false" />
252-->[androidx.work:work-runtime:2.9.0] AndroidManifest.xml:65:13-37
253        <receiver
253-->[androidx.work:work-runtime:2.9.0] AndroidManifest.xml:67:9-77:20
254            android:name="androidx.work.impl.background.systemalarm.ConstraintProxy$BatteryChargingProxy"
254-->[androidx.work:work-runtime:2.9.0] AndroidManifest.xml:68:13-106
255            android:directBootAware="false"
255-->[androidx.work:work-runtime:2.9.0] AndroidManifest.xml:69:13-44
256            android:enabled="false"
256-->[androidx.work:work-runtime:2.9.0] AndroidManifest.xml:70:13-36
257            android:exported="false" >
257-->[androidx.work:work-runtime:2.9.0] AndroidManifest.xml:71:13-37
258            <intent-filter>
258-->[androidx.work:work-runtime:2.9.0] AndroidManifest.xml:73:13-76:29
259                <action android:name="android.intent.action.ACTION_POWER_CONNECTED" />
259-->[androidx.work:work-runtime:2.9.0] AndroidManifest.xml:74:17-87
259-->[androidx.work:work-runtime:2.9.0] AndroidManifest.xml:74:25-84
260                <action android:name="android.intent.action.ACTION_POWER_DISCONNECTED" />
260-->[androidx.work:work-runtime:2.9.0] AndroidManifest.xml:75:17-90
260-->[androidx.work:work-runtime:2.9.0] AndroidManifest.xml:75:25-87
261            </intent-filter>
262        </receiver>
263        <receiver
263-->[androidx.work:work-runtime:2.9.0] AndroidManifest.xml:78:9-88:20
264            android:name="androidx.work.impl.background.systemalarm.ConstraintProxy$BatteryNotLowProxy"
264-->[androidx.work:work-runtime:2.9.0] AndroidManifest.xml:79:13-104
265            android:directBootAware="false"